[preview.oklerthemes.com/porto-admin/1.4.2/index.html]
[backblue.gif]
[fade.gif]
[index.html]
[preview.oklerthemes.com/porto-admin/1.4.2/assets/vendor/modernizr/modernizr.js]
[preview.oklerthemes.com/porto-admin/1.4.2/assets/images/logo.png]
[preview.oklerthemes.com/porto-admin/1.4.2/assets/images/!sample-user.jpg]
[preview.oklerthemes.com/porto-admin/1.4.2/assets/images/!logged-user.jpg]
[preview.oklerthemes.com/porto-admin/1.4.2/pages-user-profile.html]
[preview.oklerthemes.com/porto-admin/1.4.2/pages-signin.html]
[preview.oklerthemes.com/porto-admin/1.4.2/mailbox-folder.html]
[preview.oklerthemes.com/porto-admin/1.4.2/pages-signup.html]
[preview.oklerthemes.com/porto-admin/1.4.2/pages-recover-password.html]
[preview.oklerthemes.com/porto-admin/1.4.2/pages-lock-screen.html]
[preview.oklerthemes.com/porto-admin/1.4.2/pages-session-timeout.html]
[preview.oklerthemes.com/porto-admin/1.4.2/pages-calendar.html]
[preview.oklerthemes.com/porto-admin/1.4.2/pages-timeline.html]
[preview.oklerthemes.com/porto-admin/1.4.2/pages-media-gallery.html]
[preview.oklerthemes.com/porto-admin/1.4.2/pages-invoice.html]
[preview.oklerthemes.com/porto-admin/1.4.2/pages-blank.html]
[preview.oklerthemes.com/porto-admin/1.4.2/pages-404.html]
[preview.oklerthemes.com/porto-admin/1.4.2/pages-500.html]
[preview.oklerthemes.com/porto-admin/1.4.2/pages-log-viewer.html]
[preview.oklerthemes.com/porto-admin/1.4.2/pages-search-results.html]
[preview.oklerthemes.com/porto-admin/1.4.2/ui-elements-typography.html]
[preview.oklerthemes.com/porto-admin/1.4.2/ui-elements-icons-elusive.html]
[preview.oklerthemes.com/porto-admin/1.4.2/ui-elements-icons-font-awesome.html]
[preview.oklerthemes.com/porto-admin/1.4.2/ui-elements-icons-glyphicons.html]
[preview.oklerthemes.com/porto-admin/1.4.2/ui-elements-icons-line-icons.html]
[preview.oklerthemes.com/porto-admin/1.4.2/ui-elements-icons-meteocons.html]
[preview.oklerthemes.com/porto-admin/1.4.2/ui-elements-tabs.html]
[preview.oklerthemes.com/porto-admin/1.4.2/ui-elements-panels.html]
[preview.oklerthemes.com/porto-admin/1.4.2/ui-elements-widgets.html]
[preview.oklerthemes.com/porto-admin/1.4.2/ui-elements-portlets.html]
[preview.oklerthemes.com/porto-admin/1.4.2/ui-elements-buttons.html]
[preview.oklerthemes.com/porto-admin/1.4.2/ui-elements-alerts.html]
[preview.oklerthemes.com/porto-admin/1.4.2/ui-elements-notifications.html]
[preview.oklerthemes.com/porto-admin/1.4.2/ui-elements-modals.html]
[preview.oklerthemes.com/porto-admin/1.4.2/ui-elements-lightbox.html]
[preview.oklerthemes.com/porto-admin/1.4.2/ui-elements-progressbars.html]
[preview.oklerthemes.com/porto-admin/1.4.2/ui-elements-sliders.html]
[preview.oklerthemes.com/porto-admin/1.4.2/ui-elements-carousels.html]
[preview.oklerthemes.com/porto-admin/1.4.2/ui-elements-accordions.html]
[preview.oklerthemes.com/porto-admin/1.4.2/ui-elements-nestable.html]
[preview.oklerthemes.com/porto-admin/1.4.2/ui-elements-tree-view.html]
[preview.oklerthemes.com/porto-admin/1.4.2/ui-elements-scrollable.html]
[preview.oklerthemes.com/porto-admin/1.4.2/ui-elements-grid-system.html]
[preview.oklerthemes.com/porto-admin/1.4.2/ui-elements-charts.html]
[preview.oklerthemes.com/porto-admin/1.4.2/ui-elements-animations-appear.html]
[preview.oklerthemes.com/porto-admin/1.4.2/ui-elements-animations-hover.html]
[preview.oklerthemes.com/porto-admin/1.4.2/ui-elements-loading-overlay.html]
[preview.oklerthemes.com/porto-admin/1.4.2/ui-elements-loading-progress.html]
[preview.oklerthemes.com/porto-admin/1.4.2/ui-elements-extra.html]
[preview.oklerthemes.com/porto-admin/1.4.2/forms-basic.html]
[preview.oklerthemes.com/porto-admin/1.4.2/forms-advanced.html]
[preview.oklerthemes.com/porto-admin/1.4.2/forms-validation.html]
[preview.oklerthemes.com/porto-admin/1.4.2/forms-layouts.html]
[preview.oklerthemes.com/porto-admin/1.4.2/forms-wizard.html]
[preview.oklerthemes.com/porto-admin/1.4.2/forms-code-editor.html]
[preview.oklerthemes.com/porto-admin/1.4.2/tables-basic.html]
[preview.oklerthemes.com/porto-admin/1.4.2/tables-advanced.html]
[preview.oklerthemes.com/porto-admin/1.4.2/tables-responsive.html]
[preview.oklerthemes.com/porto-admin/1.4.2/tables-editable.html]
[preview.oklerthemes.com/porto-admin/1.4.2/tables-ajax.html]
[preview.oklerthemes.com/porto-admin/1.4.2/tables-pricing.html]
[preview.oklerthemes.com/porto-admin/1.4.2/maps-google-maps.html]
[preview.oklerthemes.com/porto-admin/1.4.2/maps-google-maps-builder.html]
[preview.oklerthemes.com/porto-admin/1.4.2/maps-vector.html]
[preview.oklerthemes.com/porto-admin/1.4.2/layouts-default.html]
[preview.oklerthemes.com/porto-admin/1.4.2/layouts-boxed.html]
[preview.oklerthemes.com/porto-admin/1.4.2/layouts-menu-collapsed.html]
[preview.oklerthemes.com/porto-admin/1.4.2/layouts-scroll.html]
[preview.oklerthemes.com/porto-admin/1.4.2/extra-changelog.html]
[preview.oklerthemes.com/porto-admin/1.4.2/extra-ajax-made-easy.html]
[preview.oklerthemes.com/porto-admin/1.4.2/assets/images/projects/project-4.jpg]
[preview.oklerthemes.com/porto-admin/1.4.2/assets/vendor/jquery/jquery.js]
[preview.oklerthemes.com/porto-admin/1.4.2/assets/vendor/jquery-browser-mobile/jquery.browser.mobile.js]
[preview.oklerthemes.com/porto-admin/1.4.2/assets/vendor/jquery-cookie/jquery-cookie.js]
[preview.oklerthemes.com/porto-admin/1.4.2/assets/vendor/style-switcher/style.switcher.js]
[preview.oklerthemes.com/porto-admin/1.4.2/assets/vendor/bootstrap/js/bootstrap.js]
[preview.oklerthemes.com/porto-admin/1.4.2/assets/vendor/nanoscroller/nanoscroller.js]
[preview.oklerthemes.com/porto-admin/1.4.2/assets/vendor/bootstrap-datepicker/js/bootstrap-datepicker.js]
[preview.oklerthemes.com/porto-admin/1.4.2/assets/vendor/magnific-popup/jquery.magnific-popup.js]
[preview.oklerthemes.com/porto-admin/1.4.2/assets/vendor/jquery-placeholder/jquery-placeholder.js]
[preview.oklerthemes.com/porto-admin/1.4.2/assets/vendor/jquery-ui/jquery-ui.js]
[preview.oklerthemes.com/porto-admin/1.4.2/assets/vendor/jqueryui-touch-punch/jqueryui-touch-punch.js]
[preview.oklerthemes.com/porto-admin/1.4.2/assets/vendor/jquery-appear/jquery-appear.js]
[preview.oklerthemes.com/porto-admin/1.4.2/assets/vendor/bootstrap-multiselect/bootstrap-multiselect.js]
[preview.oklerthemes.com/porto-admin/1.4.2/assets/vendor/jquery.easy-pie-chart/jquery.easy-pie-chart.js]
[preview.oklerthemes.com/porto-admin/1.4.2/assets/vendor/flot/jquery.flot.js]
[preview.oklerthemes.com/porto-admin/1.4.2/assets/vendor/flot.tooltip/flot.tooltip.js]
[preview.oklerthemes.com/porto-admin/1.4.2/assets/vendor/flot/jquery.flot.pie.js]
[preview.oklerthemes.com/porto-admin/1.4.2/assets/vendor/flot/jquery.flot.categories.js]
[preview.oklerthemes.com/porto-admin/1.4.2/assets/vendor/flot/jquery.flot.resize.js]
[preview.oklerthemes.com/porto-admin/1.4.2/assets/vendor/jquery-sparkline/jquery-sparkline.js]
[preview.oklerthemes.com/porto-admin/1.4.2/assets/vendor/raphael/raphael.js]
[preview.oklerthemes.com/porto-admin/1.4.2/assets/vendor/morris.js/morris.js]
[preview.oklerthemes.com/porto-admin/1.4.2/assets/vendor/gauge/gauge.js]
[preview.oklerthemes.com/porto-admin/1.4.2/assets/vendor/snap.svg/snap.svg.js]
[preview.oklerthemes.com/porto-admin/1.4.2/assets/vendor/liquid-meter/liquid.meter.js]
[preview.oklerthemes.com/porto-admin/1.4.2/assets/vendor/jqvmap/jquery.vmap.js]
[preview.oklerthemes.com/porto-admin/1.4.2/assets/vendor/jqvmap/data/jquery.vmap.sampledata.js]
[preview.oklerthemes.com/porto-admin/1.4.2/assets/vendor/jqvmap/maps/jquery.vmap.world.js]
[preview.oklerthemes.com/porto-admin/1.4.2/assets/vendor/jqvmap/maps/continents/jquery.vmap.africa.js]
[preview.oklerthemes.com/porto-admin/1.4.2/assets/vendor/jqvmap/maps/continents/jquery.vmap.asia.js]
[preview.oklerthemes.com/porto-admin/1.4.2/assets/vendor/jqvmap/maps/continents/jquery.vmap.australia.js]
[preview.oklerthemes.com/porto-admin/1.4.2/assets/vendor/jqvmap/maps/continents/jquery.vmap.europe.js]
[preview.oklerthemes.com/porto-admin/1.4.2/assets/vendor/jqvmap/maps/continents/jquery.vmap.north-america.js]
[preview.oklerthemes.com/porto-admin/1.4.2/assets/vendor/jqvmap/maps/continents/jquery.vmap.south-america.js]
[preview.oklerthemes.com/porto-admin/1.4.2/assets/javascripts/theme.js]
[preview.oklerthemes.com/porto-admin/1.4.2/assets/javascripts/theme.custom.js]
[preview.oklerthemes.com/porto-admin/1.4.2/assets/javascripts/theme.init.js]
[www.google-analytics.com/analytics.js]
[preview.oklerthemes.com/porto-admin/1.4.2/assets/javascripts/dashboard/examples.dashboard.js]
[preview.oklerthemes.com/porto-admin/1.4.2/index.html]
[preview.oklerthemes.com/porto-admin/1.4.2/assets/vendor/bootstrap/fonts/glyphicons-halflings-regular.eot]
[preview.oklerthemes.com/porto-admin/1.4.2/assets/vendor/bootstrap/fonts/glyphicons-halflings-regular.woff2]
[preview.oklerthemes.com/porto-admin/1.4.2/assets/vendor/bootstrap/fonts/glyphicons-halflings-regulard41d.eot]
[preview.oklerthemes.com/porto-admin/1.4.2/assets/vendor/bootstrap/fonts/glyphicons-halflings-regular.woff]
[preview.oklerthemes.com/porto-admin/1.4.2/assets/vendor/bootstrap/fonts/glyphicons-halflings-regular.ttf]
[preview.oklerthemes.com/porto-admin/1.4.2/assets/vendor/bootstrap/css/bootstrap.css]
[preview.oklerthemes.com/porto-admin/1.4.2/assets/vendor/font-awesome/fonts/fontawesome-webfont93e3.eot]
[preview.oklerthemes.com/porto-admin/1.4.2/assets/vendor/font-awesome/fonts/fontawesome-webfontd41d.eot]
[preview.oklerthemes.com/porto-admin/1.4.2/assets/vendor/font-awesome/fonts/fontawesome-webfont93e3.woff2]
[preview.oklerthemes.com/porto-admin/1.4.2/assets/vendor/font-awesome/fonts/fontawesome-webfont93e3.woff]
[preview.oklerthemes.com/porto-admin/1.4.2/assets/vendor/font-awesome/fonts/fontawesome-webfont93e3.ttf]
[preview.oklerthemes.com/porto-admin/1.4.2/assets/vendor/font-awesome/css/font-awesome.css]
[preview.oklerthemes.com/porto-admin/1.4.2/assets/vendor/magnific-popup/magnific-popup.css]
[preview.oklerthemes.com/porto-admin/1.4.2/assets/vendor/bootstrap-datepicker/css/bootstrap-datepicker3.css]
[preview.oklerthemes.com/porto-admin/1.4.2/assets/vendor/jquery-ui/images/ui-bg_highlight-soft_100_eeeeee_1x100.png]
[preview.oklerthemes.com/porto-admin/1.4.2/assets/vendor/jquery-ui/images/ui-bg_gloss-wave_35_f6a828_500x100.png]
[preview.oklerthemes.com/porto-admin/1.4.2/assets/vendor/jquery-ui/images/ui-bg_glass_100_f6f6f6_1x400.png]
[preview.oklerthemes.com/porto-admin/1.4.2/assets/vendor/jquery-ui/images/ui-bg_glass_100_fdf5ce_1x400.png]
[preview.oklerthemes.com/porto-admin/1.4.2/assets/vendor/jquery-ui/images/ui-bg_glass_65_ffffff_1x400.png]
[preview.oklerthemes.com/porto-admin/1.4.2/assets/vendor/jquery-ui/images/ui-bg_highlight-soft_75_ffe45c_1x100.png]
[preview.oklerthemes.com/porto-admin/1.4.2/assets/vendor/jquery-ui/images/ui-bg_diagonals-thick_18_b81900_40x40.png]
[preview.oklerthemes.com/porto-admin/1.4.2/assets/vendor/jquery-ui/images/ui-icons_222222_256x240.png]
[preview.oklerthemes.com/porto-admin/1.4.2/assets/vendor/jquery-ui/images/ui-icons_ffffff_256x240.png]
[preview.oklerthemes.com/porto-admin/1.4.2/assets/vendor/jquery-ui/images/ui-icons_ef8c08_256x240.png]
[preview.oklerthemes.com/porto-admin/1.4.2/assets/vendor/jquery-ui/images/ui-icons_228ef1_256x240.png]
[preview.oklerthemes.com/porto-admin/1.4.2/assets/vendor/jquery-ui/images/ui-icons_ffd27a_256x240.png]
[preview.oklerthemes.com/porto-admin/1.4.2/assets/vendor/jquery-ui/images/ui-bg_diagonals-thick_20_666666_40x40.png]
[preview.oklerthemes.com/porto-admin/1.4.2/assets/vendor/jquery-ui/images/ui-bg_flat_10_000000_40x100.png]
[preview.oklerthemes.com/porto-admin/1.4.2/assets/vendor/jquery-ui/jquery-ui.css]
[preview.oklerthemes.com/porto-admin/1.4.2/assets/vendor/jquery-ui/jquery-ui.theme.css]
[preview.oklerthemes.com/porto-admin/1.4.2/assets/vendor/bootstrap-multiselect/bootstrap-multiselect.css]
[preview.oklerthemes.com/porto-admin/1.4.2/assets/vendor/morris.js/morris.css]
[preview.oklerthemes.com/porto-admin/1.4.2/assets/images/patterns/denim.png]
[preview.oklerthemes.com/porto-admin/1.4.2/assets/images/arrows.png]
[preview.oklerthemes.com/porto-admin/1.4.2/assets/images/jstree.png]
[preview.oklerthemes.com/porto-admin/1.4.2/assets/images/jstree-dark.png]
[preview.oklerthemes.com/porto-admin/1.4.2/assets/images/patterns/noisy_net.png]
[preview.oklerthemes.com/porto-admin/1.4.2/assets/stylesheets/theme.css]
[preview.oklerthemes.com/porto-admin/1.4.2/assets/stylesheets/theme-custom.css]
[preview.oklerthemes.com/porto-admin/1.4.2/assets/images/post-thumb-1.jpg]
[preview.oklerthemes.com/porto-admin/1.4.2/assets/images/post-thumb-2.jpg]
[preview.oklerthemes.com/porto-admin/1.4.2/assets/images/post-thumb-3.jpg]
[preview.oklerthemes.com/porto-admin/1.4.2/assets/vendor/autosize/autosize.js]
[preview.oklerthemes.com/porto-admin/1.4.2/pages-user-profile.html]
[preview.oklerthemes.com/porto-admin/1.4.2/pages-signin.html]
[preview.oklerthemes.com/porto-admin/1.4.2/mailbox-compose.html]
[preview.oklerthemes.com/porto-admin/1.4.2/mailbox-email.html]
[preview.oklerthemes.com/porto-admin/1.4.2/assets/vendor/summernote/summernote.js]
[preview.oklerthemes.com/porto-admin/1.4.2/mailbox-folder.html]
[preview.oklerthemes.com/porto-admin/1.4.2/pages-signup.html]
[preview.oklerthemes.com/porto-admin/1.4.2/pages-recover-password.html]
[preview.oklerthemes.com/porto-admin/1.4.2/pages-lock-screen.html]
[preview.oklerthemes.com/porto-admin/1.4.2/assets/vendor/jquery-idletimer/idle-timer.js]
[preview.oklerthemes.com/porto-admin/1.4.2/assets/javascripts/pages/examples.lockscreen.js]
[preview.oklerthemes.com/porto-admin/1.4.2/assets/javascripts/pages/examples.session.timeout.js]
[preview.oklerthemes.com/porto-admin/1.4.2/pages-session-timeout.html]
[preview.oklerthemes.com/porto-admin/1.4.2/assets/vendor/moment/moment.js]
[preview.oklerthemes.com/porto-admin/1.4.2/assets/vendor/fullcalendar/fullcalendar.js]
[preview.oklerthemes.com/porto-admin/1.4.2/assets/javascripts/pages/examples.calendar.js]
[preview.oklerthemes.com/porto-admin/1.4.2/pages-calendar.html]
[preview.oklerthemes.com/porto-admin/1.4.2/assets/images/projects/project-3.jpg]
[preview.oklerthemes.com/porto-admin/1.4.2/assets/images/projects/project-2.jpg]
[preview.oklerthemes.com/porto-admin/1.4.2/assets/vendor/gmaps/gmaps.js]
[preview.oklerthemes.com/porto-admin/1.4.2/assets/javascripts/pages/examples.timeline.js]
[preview.oklerthemes.com/porto-admin/1.4.2/pages-timeline.html]
[preview.oklerthemes.com/porto-admin/1.4.2/assets/images/projects/project-1.jpg]
[preview.oklerthemes.com/porto-admin/1.4.2/assets/images/projects/project-5.jpg]
[preview.oklerthemes.com/porto-admin/1.4.2/assets/images/projects/project-6.jpg]
[preview.oklerthemes.com/porto-admin/1.4.2/assets/images/projects/project-7.jpg]
[preview.oklerthemes.com/porto-admin/1.4.2/assets/vendor/isotope/isotope.js]
[preview.oklerthemes.com/porto-admin/1.4.2/assets/javascripts/pages/examples.mediagallery.js]
[preview.oklerthemes.com/porto-admin/1.4.2/pages-media-gallery.html]
[preview.oklerthemes.com/porto-admin/1.4.2/assets/images/invoice-logo.png]
[preview.oklerthemes.com/porto-admin/1.4.2/pages-invoice-print.html]
[preview.oklerthemes.com/porto-admin/1.4.2/pages-invoice.html]
[preview.oklerthemes.com/porto-admin/1.4.2/pages-blank.html]
[preview.oklerthemes.com/porto-admin/1.4.2/pages-404.html]
[preview.oklerthemes.com/porto-admin/1.4.2/pages-500.html]
[preview.oklerthemes.com/porto-admin/1.4.2/pages-log-viewer.html]
[preview.oklerthemes.com/porto-admin/1.4.2/pages-search-results.html]
[preview.oklerthemes.com/porto-admin/1.4.2/ui-elements-typography.html]
[preview.oklerthemes.com/porto-admin/1.4.2/ui-elements-icons-elusive.html]
[preview.oklerthemes.com/porto-admin/1.4.2/ui-elements-icons-font-awesome.html]
[preview.oklerthemes.com/porto-admin/1.4.2/ui-elements-icons-glyphicons.html]
[preview.oklerthemes.com/porto-admin/1.4.2/ui-elements-icons-line-icons.html]
[preview.oklerthemes.com/porto-admin/1.4.2/ui-elements-icons-meteocons.html]
[preview.oklerthemes.com/porto-admin/1.4.2/ui-elements-tabs.html]
[preview.oklerthemes.com/porto-admin/1.4.2/ui-elements-panels.html]
[preview.oklerthemes.com/porto-admin/1.4.2/assets/images/widget-twitter-profile.jpg]
[preview.oklerthemes.com/porto-admin/1.4.2/assets/images/blog-image-3.jpg]
[preview.oklerthemes.com/porto-admin/1.4.2/assets/images/blog-image-2.jpg]
[preview.oklerthemes.com/porto-admin/1.4.2/assets/images/blog-image-1.jpg]
[preview.oklerthemes.com/porto-admin/1.4.2/assets/vendor/owl.carousel/owl.carousel.js]
[preview.oklerthemes.com/porto-admin/1.4.2/assets/javascripts/ui-elements/examples.widgets.js]
[preview.oklerthemes.com/porto-admin/1.4.2/ui-elements-widgets.html]
[preview.oklerthemes.com/porto-admin/1.4.2/assets/vendor/store2/store2.js]
[preview.oklerthemes.com/porto-admin/1.4.2/assets/javascripts/ui-elements/examples.portlets.js]
[preview.oklerthemes.com/porto-admin/1.4.2/ui-elements-portlets.html]
[preview.oklerthemes.com/porto-admin/1.4.2/ui-elements-buttons.html]
[preview.oklerthemes.com/porto-admin/1.4.2/ui-elements-alerts.html]
[preview.oklerthemes.com/porto-admin/1.4.2/assets/vendor/pnotify/pnotify.custom.js]
[preview.oklerthemes.com/porto-admin/1.4.2/assets/javascripts/ui-elements/examples.notifications.js]
[preview.oklerthemes.com/porto-admin/1.4.2/ui-elements-notifications.html]
[preview.oklerthemes.com/porto-admin/1.4.2/assets/ajax/ui-elements-modals-ajax.html]
[preview.oklerthemes.com/porto-admin/1.4.2/assets/vendor/select2/js/select2.js]
[preview.oklerthemes.com/porto-admin/1.4.2/assets/javascripts/ui-elements/examples.modals.js]
[preview.oklerthemes.com/porto-admin/1.4.2/ui-elements-modals.html]
[preview.oklerthemes.com/porto-admin/1.4.2/assets/images/projects/project.jpg]
[preview.oklerthemes.com/porto-admin/1.4.2/assets/ajax/ui-elements-lightbox-ajax.html]
[preview.oklerthemes.com/porto-admin/1.4.2/assets/javascripts/ui-elements/examples.lightbox.js]
[preview.oklerthemes.com/porto-admin/1.4.2/ui-elements-lightbox.html]
[preview.oklerthemes.com/porto-admin/1.4.2/ui-elements-progressbars.html]
[preview.oklerthemes.com/porto-admin/1.4.2/ui-elements-sliders.html]
[preview.oklerthemes.com/porto-admin/1.4.2/ui-elements-carousels.html]
[preview.oklerthemes.com/porto-admin/1.4.2/ui-elements-accordions.html]
[preview.oklerthemes.com/porto-admin/1.4.2/assets/vendor/jquery-nestable/jquery-nestable.js]
[preview.oklerthemes.com/porto-admin/1.4.2/assets/javascripts/ui-elements/examples.nestable.js]
[preview.oklerthemes.com/porto-admin/1.4.2/ui-elements-nestable.html]
[preview.oklerthemes.com/porto-admin/1.4.2/assets/vendor/jstree/jstree.js]
[preview.oklerthemes.com/porto-admin/1.4.2/assets/javascripts/ui-elements/examples.treeview.js]
[preview.oklerthemes.com/porto-admin/1.4.2/ui-elements-tree-view.html]
[preview.oklerthemes.com/porto-admin/1.4.2/ui-elements-scrollable.html]
[preview.oklerthemes.com/porto-admin/1.4.2/ui-elements-grid-system.html]
[preview.oklerthemes.com/porto-admin/1.4.2/assets/vendor/chartist/chartist.js]
[preview.oklerthemes.com/porto-admin/1.4.2/assets/javascripts/ui-elements/examples.charts.js]
[preview.oklerthemes.com/porto-admin/1.4.2/ui-elements-charts.html]
[preview.oklerthemes.com/porto-admin/1.4.2/assets/images/device.png]
[preview.oklerthemes.com/porto-admin/1.4.2/ui-elements-animations-appear.html]
[preview.oklerthemes.com/porto-admin/1.4.2/ui-elements-animations-hover.html]
[preview.oklerthemes.com/porto-admin/1.4.2/assets/javascripts/ui-elements/examples.loading.overlay.js]
[preview.oklerthemes.com/porto-admin/1.4.2/ui-elements-loading-overlay.html]
[preview.oklerthemes.com/porto-admin/1.4.2/assets/vendor/nprogress/nprogress.js]
[preview.oklerthemes.com/porto-admin/1.4.2/assets/javascripts/ui-elements/examples.loading.progress.js]
[preview.oklerthemes.com/porto-admin/1.4.2/ui-elements-loading-progress.html]
[preview.oklerthemes.com/porto-admin/1.4.2/ui-elements-extra.html]
[preview.oklerthemes.com/porto-admin/1.4.2/assets/vendor/bootstrap-fileupload/bootstrap-fileupload.min.js]
[preview.oklerthemes.com/porto-admin/1.4.2/forms-basic.html]
[preview.oklerthemes.com/porto-admin/1.4.2/assets/vendor/jquery-maskedinput/jquery.maskedinput.js]
[preview.oklerthemes.com/porto-admin/1.4.2/assets/vendor/bootstrap-tagsinput/bootstrap-tagsinput.js]
[preview.oklerthemes.com/porto-admin/1.4.2/assets/vendor/bootstrap-colorpicker/js/bootstrap-colorpicker.js]
[preview.oklerthemes.com/porto-admin/1.4.2/assets/vendor/bootstrap-timepicker/bootstrap-timepicker.js]
[preview.oklerthemes.com/porto-admin/1.4.2/assets/vendor/fuelux/js/spinner.js]
[preview.oklerthemes.com/porto-admin/1.4.2/assets/vendor/dropzone/dropzone.js]
[preview.oklerthemes.com/porto-admin/1.4.2/assets/vendor/bootstrap-markdown/js/markdown.js]
[preview.oklerthemes.com/porto-admin/1.4.2/assets/vendor/bootstrap-markdown/js/to-markdown.js]
[preview.oklerthemes.com/porto-admin/1.4.2/assets/vendor/bootstrap-markdown/js/bootstrap-markdown.js]
[preview.oklerthemes.com/porto-admin/1.4.2/assets/vendor/codemirror/lib/codemirror.js]
[preview.oklerthemes.com/porto-admin/1.4.2/assets/vendor/codemirror/addon/selection/active-line.js]
[preview.oklerthemes.com/porto-admin/1.4.2/assets/vendor/codemirror/addon/edit/matchbrackets.js]
[preview.oklerthemes.com/porto-admin/1.4.2/assets/vendor/codemirror/mode/javascript/javascript.js]
[preview.oklerthemes.com/porto-admin/1.4.2/assets/vendor/codemirror/mode/xml/xml.js]
[preview.oklerthemes.com/porto-admin/1.4.2/assets/vendor/codemirror/mode/htmlmixed/htmlmixed.js]
[preview.oklerthemes.com/porto-admin/1.4.2/assets/vendor/codemirror/mode/css/css.js]
[preview.oklerthemes.com/porto-admin/1.4.2/assets/vendor/bootstrap-maxlength/bootstrap-maxlength.js]
[preview.oklerthemes.com/porto-admin/1.4.2/assets/vendor/ios7-switch/ios7-switch.js]
[preview.oklerthemes.com/porto-admin/1.4.2/assets/vendor/bootstrap-confirmation/bootstrap-confirmation.js]
[preview.oklerthemes.com/porto-admin/1.4.2/assets/javascripts/forms/examples.advanced.form.js]
[preview.oklerthemes.com/porto-admin/1.4.2/forms-advanced.html]
[preview.oklerthemes.com/porto-admin/1.4.2/assets/vendor/jquery-validation/jquery.validate.js]
[preview.oklerthemes.com/porto-admin/1.4.2/assets/javascripts/forms/examples.validation.js]
[preview.oklerthemes.com/porto-admin/1.4.2/forms-validation.html]
[preview.oklerthemes.com/porto-admin/1.4.2/forms-layouts.html]
[preview.oklerthemes.com/porto-admin/1.4.2/assets/vendor/bootstrap-wizard/jquery.bootstrap.wizard.js]
[preview.oklerthemes.com/porto-admin/1.4.2/assets/javascripts/forms/examples.wizard.js]
[preview.oklerthemes.com/porto-admin/1.4.2/forms-wizard.html]
[preview.oklerthemes.com/porto-admin/1.4.2/forms-code-editor.html]
[preview.oklerthemes.com/porto-admin/1.4.2/tables-basic.html]
[preview.oklerthemes.com/porto-admin/1.4.2/assets/vendor/jquery-datatables/extras/TableTools/swf/copy_csv_xls_pdf.swf]
[preview.oklerthemes.com/porto-admin/1.4.2/assets/vendor/jquery-datatables/media/js/jquery.dataTables.js]
[preview.oklerthemes.com/porto-admin/1.4.2/assets/vendor/jquery-datatables/extras/TableTools/js/dataTables.tableTools.min.js]
[preview.oklerthemes.com/porto-admin/1.4.2/assets/vendor/jquery-datatables-bs3/assets/js/datatables.js]
[preview.oklerthemes.com/porto-admin/1.4.2/assets/javascripts/tables/examples.datatables.default.js]
[preview.oklerthemes.com/porto-admin/1.4.2/assets/javascripts/tables/examples.datatables.row.with.details.js]
[preview.oklerthemes.com/porto-admin/1.4.2/assets/javascripts/tables/examples.datatables.tabletools.js]
[preview.oklerthemes.com/porto-admin/1.4.2/tables-advanced.html]
[preview.oklerthemes.com/porto-admin/1.4.2/tables-responsive.html]
[preview.oklerthemes.com/porto-admin/1.4.2/assets/javascripts/tables/examples.datatables.editable.js]
[preview.oklerthemes.com/porto-admin/1.4.2/tables-editable.html]
[preview.oklerthemes.com/porto-admin/1.4.2/assets/javascripts/tables/examples.datatables.ajax.js]
[preview.oklerthemes.com/porto-admin/1.4.2/tables-ajax.html]
[preview.oklerthemes.com/porto-admin/1.4.2/tables-pricing.html]
[preview.oklerthemes.com/porto-admin/1.4.2/assets/javascripts/maps/examples.gmap.js]
[preview.oklerthemes.com/porto-admin/1.4.2/maps-google-maps.html]
[preview.oklerthemes.com/porto-admin/1.4.2/assets/javascripts/maps/snazzy.themes.js]
[preview.oklerthemes.com/porto-admin/1.4.2/assets/javascripts/maps/examples.map.builder.js]
[preview.oklerthemes.com/porto-admin/1.4.2/maps-google-maps-builder.html]
[preview.oklerthemes.com/porto-admin/1.4.2/assets/javascripts/maps/examples.vector.maps.js]
[preview.oklerthemes.com/porto-admin/1.4.2/maps-vector.html]
[preview.oklerthemes.com/porto-admin/1.4.2/layouts-default.html]
[preview.oklerthemes.com/porto-admin/1.4.2/layouts-boxed.html]
[preview.oklerthemes.com/porto-admin/1.4.2/layouts-menu-collapsed.html]
[preview.oklerthemes.com/porto-admin/1.4.2/layouts-scroll.html]
[preview.oklerthemes.com/porto-admin/1.4.2/extra-changelog.html]
[preview.oklerthemes.com/porto-admin/1.4.2/assets/vendor/intercooler-js/intercooler-js.js]
[preview.oklerthemes.com/porto-admin/1.4.2/assets/vendor/jquery-mockjax/jquery.mockjax.js]
[preview.oklerthemes.com/porto-admin/1.4.2/assets/javascripts/extra/examples.ajax.made.easy.js]
[preview.oklerthemes.com/porto-admin/1.4.2/extra-ajax-made-easy.html]
[preview.oklerthemes.com/porto-admin/1.4.2/assets/vendor/bootstrap/fonts/glyphicons-halflings-regular.svg]
[preview.oklerthemes.com/porto-admin/1.4.2/assets/vendor/font-awesome/fonts/fontawesome-webfont93e3.svg]
[preview.oklerthemes.com/porto-admin/1.4.2/assets/vendor/summernote/summernote.css]
[preview.oklerthemes.com/porto-admin/1.4.2/assets/vendor/summernote/summernote-bs3.css]
[preview.oklerthemes.com/porto-admin/1.4.2/mailbox-compose.html]
[preview.oklerthemes.com/porto-admin/1.4.2/mailbox-email.html]
[preview.oklerthemes.com/porto-admin/1.4.2/assets/vendor/fullcalendar/fullcalendar.css]
[preview.oklerthemes.com/porto-admin/1.4.2/assets/vendor/fullcalendar/fullcalendar.print.css]
[preview.oklerthemes.com/porto-admin/1.4.2/pages-invoice-print.html]
[preview.oklerthemes.com/porto-admin/1.4.2/assets/vendor/elusive-icons/fonts/elusiveicons-webfont28b5.eot]
[preview.oklerthemes.com/porto-admin/1.4.2/assets/vendor/elusive-icons/fonts/elusiveicons-webfontd41d.eot]
[preview.oklerthemes.com/porto-admin/1.4.2/assets/vendor/elusive-icons/fonts/elusiveicons-webfont28b5.woff]
[preview.oklerthemes.com/porto-admin/1.4.2/assets/vendor/elusive-icons/fonts/elusiveicons-webfont28b5.ttf]
[preview.oklerthemes.com/porto-admin/1.4.2/assets/vendor/elusive-icons/css/elusive-icons.css]
[preview.oklerthemes.com/porto-admin/1.4.2/assets/vendor/simple-line-icons/fonts/Simple-Line-Icons4c82.eot]
[preview.oklerthemes.com/porto-admin/1.4.2/assets/vendor/simple-line-icons/fonts/Simple-Line-Iconsd41d.eot]
[preview.oklerthemes.com/porto-admin/1.4.2/assets/vendor/simple-line-icons/fonts/Simple-Line-Icons4c82.ttf]
[preview.oklerthemes.com/porto-admin/1.4.2/assets/vendor/simple-line-icons/fonts/Simple-Line-Icons4c82.woff2]
[preview.oklerthemes.com/porto-admin/1.4.2/assets/vendor/simple-line-icons/fonts/Simple-Line-Icons4c82.woff]
[preview.oklerthemes.com/porto-admin/1.4.2/assets/vendor/simple-line-icons/css/simple-line-icons.css]
[preview.oklerthemes.com/porto-admin/1.4.2/assets/vendor/meteocons/fonts/meteoconsbc3c.eot]
[preview.oklerthemes.com/porto-admin/1.4.2/assets/vendor/meteocons/fonts/meteoconsd41d.eot]
[preview.oklerthemes.com/porto-admin/1.4.2/assets/vendor/meteocons/fonts/meteoconsbc3c.woff]
[preview.oklerthemes.com/porto-admin/1.4.2/assets/vendor/meteocons/fonts/meteoconsbc3c.ttf]
[preview.oklerthemes.com/porto-admin/1.4.2/assets/vendor/meteocons/css/meteocons.css]
[preview.oklerthemes.com/porto-admin/1.4.2/assets/vendor/owl.carousel/assets/owl.video.play.png]
[preview.oklerthemes.com/porto-admin/1.4.2/assets/vendor/owl.carousel/assets/owl.carousel.css]
[preview.oklerthemes.com/porto-admin/1.4.2/assets/vendor/owl.carousel/assets/owl.theme.default.css]
[preview.oklerthemes.com/porto-admin/1.4.2/assets/vendor/pnotify/pnotify.custom.css]
[preview.oklerthemes.com/porto-admin/1.4.2/assets/vendor/select2/css/select2.css]
[preview.oklerthemes.com/porto-admin/1.4.2/assets/vendor/select2-bootstrap-theme/select2-bootstrap.css]
[preview.oklerthemes.com/porto-admin/1.4.2/assets/ajax/ui-elements-modals-ajax.html]
[preview.oklerthemes.com/porto-admin/1.4.2/assets/ajax/ui-elements-lightbox-ajax.html]
[preview.oklerthemes.com/porto-admin/1.4.2/assets/vendor/jstree/themes/default/32px.png]
[preview.oklerthemes.com/porto-admin/1.4.2/assets/vendor/jstree/themes/default/throbber.gif]
[preview.oklerthemes.com/porto-admin/1.4.2/assets/vendor/jstree/themes/default/40px.png]
[preview.oklerthemes.com/porto-admin/1.4.2/assets/vendor/jstree/themes/default/style.css]
[preview.oklerthemes.com/porto-admin/1.4.2/assets/vendor/chartist/chartist.min.css]
[preview.oklerthemes.com/porto-admin/1.4.2/assets/vendor/hover/hover.css]
[preview.oklerthemes.com/porto-admin/1.4.2/assets/vendor/bootstrap-fileupload/bootstrap-fileupload.min.css]
[preview.oklerthemes.com/porto-admin/1.4.2/assets/vendor/bootstrap-tagsinput/bootstrap-tagsinput.css]
[preview.oklerthemes.com/porto-admin/1.4.2/assets/vendor/bootstrap-colorpicker/img/bootstrap-colorpicker/saturation.png]
[preview.oklerthemes.com/porto-admin/1.4.2/assets/vendor/bootstrap-colorpicker/img/bootstrap-colorpicker/hue.png]
[preview.oklerthemes.com/porto-admin/1.4.2/assets/vendor/bootstrap-colorpicker/img/bootstrap-colorpicker/alpha.png]
[preview.oklerthemes.com/porto-admin/1.4.2/assets/vendor/bootstrap-colorpicker/img/bootstrap-colorpicker/hue-horizontal.png]
[preview.oklerthemes.com/porto-admin/1.4.2/assets/vendor/bootstrap-colorpicker/img/bootstrap-colorpicker/alpha-horizontal.png]
[preview.oklerthemes.com/porto-admin/1.4.2/assets/vendor/bootstrap-colorpicker/css/bootstrap-colorpicker.css]
[preview.oklerthemes.com/porto-admin/1.4.2/assets/vendor/bootstrap-timepicker/css/bootstrap-timepicker.css]
[preview.oklerthemes.com/porto-admin/1.4.2/assets/vendor/dropzone/basic.css]
[preview.oklerthemes.com/porto-admin/1.4.2/assets/vendor/dropzone/dropzone.css]
[preview.oklerthemes.com/porto-admin/1.4.2/assets/vendor/bootstrap-markdown/css/bootstrap-markdown.min.css]
[preview.oklerthemes.com/porto-admin/1.4.2/assets/vendor/codemirror/lib/codemirror.css]
[preview.oklerthemes.com/porto-admin/1.4.2/assets/vendor/codemirror/theme/monokai.css]
[preview.oklerthemes.com/porto-admin/1.4.2/assets/vendor/jquery-datatables-bs3/assets/images/sort_both.png]
[preview.oklerthemes.com/porto-admin/1.4.2/assets/vendor/jquery-datatables-bs3/assets/images/sort_asc.png]
[preview.oklerthemes.com/porto-admin/1.4.2/assets/vendor/jquery-datatables-bs3/assets/images/sort_desc.png]
[preview.oklerthemes.com/porto-admin/1.4.2/assets/vendor/jquery-datatables-bs3/assets/images/sort_asc_disabled.png]
[preview.oklerthemes.com/porto-admin/1.4.2/assets/vendor/jquery-datatables-bs3/assets/images/sort_desc_disabled.png]
[preview.oklerthemes.com/porto-admin/1.4.2/assets/vendor/jquery-datatables-bs3/assets/css/datatables.css]
[preview.oklerthemes.com/porto-admin/1.4.2/assets/vendor/jqvmap/jqvmap.css]
[preview.oklerthemes.com/porto-admin/1.4.2/assets/stylesheets/invoice-print.css]
[preview.oklerthemes.com/porto-admin/1.4.2/assets/vendor/elusive-icons/fonts/elusiveicons-webfont28b5.svg]
[preview.oklerthemes.com/porto-admin/1.4.2/assets/vendor/simple-line-icons/fonts/Simple-Line-Icons4c82.svg]
[preview.oklerthemes.com/porto-admin/1.4.2/assets/vendor/meteocons/fonts/meteoconsbc3c.svg]
[preview.oklerthemes.com/porto-admin/1.4.2/assets/ajax/assets/images/projects/project-1.html]
